d:\users\petri\documents\github\puyopuyo\puyopuyo\release\vc141.pdb
d:\users\petri\documents\github\puyopuyo\puyopuyo\release\puyobitmap.nativecodeanalysis.xml
d:\users\petri\documents\github\puyopuyo\puyopuyo\release\winmain.nativecodeanalysis.xml
d:\users\petri\documents\github\puyopuyo\puyopuyo\release\windowproc.nativecodeanalysis.xml
d:\users\petri\documents\github\puyopuyo\puyopuyo\release\windowcreator.nativecodeanalysis.xml
d:\users\petri\documents\github\puyopuyo\puyopuyo\release\puyomanger.nativecodeanalysis.xml
d:\users\petri\documents\github\puyopuyo\puyopuyo\release\puyologic.nativecodeanalysis.xml
d:\users\petri\documents\github\puyopuyo\puyopuyo\release\puyofiled.nativecodeanalysis.xml
d:\users\petri\documents\github\puyopuyo\puyopuyo\release\puyofallingblock.nativecodeanalysis.xml
d:\users\petri\documents\github\puyopuyo\puyopuyo\release\puyodraw.nativecodeanalysis.xml
d:\users\petri\documents\github\puyopuyo\puyopuyo\release\puyoblock.nativecodeanalysis.xml
d:\users\petri\documents\github\puyopuyo\puyopuyo\release\processmanger.nativecodeanalysis.xml
d:\users\petri\documents\github\puyopuyo\puyopuyo\release\input.nativecodeanalysis.xml
d:\users\petri\documents\github\puyopuyo\puyopuyo\release\graphics.nativecodeanalysis.xml
d:\users\petri\documents\github\puyopuyo\puyopuyo\release\global.nativecodeanalysis.xml
d:\users\petri\documents\github\puyopuyo\puyopuyo\release\gamelogic.nativecodeanalysis.xml
d:\users\petri\documents\github\puyopuyo\puyopuyo\release\famework.nativecodeanalysis.xml
d:\users\petri\documents\github\puyopuyo\puyopuyo\release\controlprocess.nativecodeanalysis.xml
d:\users\petri\documents\github\puyopuyo\puyopuyo\release\array2d.nativecodeanalysis.xml
d:\users\petri\documents\github\puyopuyo\puyopuyo\release\array1d.nativecodeanalysis.xml
d:\users\petri\documents\github\puyopuyo\puyopuyo\release\array1d.obj
d:\users\petri\documents\github\puyopuyo\puyopuyo\release\array2d.obj
d:\users\petri\documents\github\puyopuyo\puyopuyo\release\controlprocess.obj
d:\users\petri\documents\github\puyopuyo\puyopuyo\release\famework.obj
d:\users\petri\documents\github\puyopuyo\puyopuyo\release\gamelogic.obj
d:\users\petri\documents\github\puyopuyo\puyopuyo\release\global.obj
d:\users\petri\documents\github\puyopuyo\puyopuyo\release\graphics.obj
d:\users\petri\documents\github\puyopuyo\puyopuyo\release\input.obj
d:\users\petri\documents\github\puyopuyo\puyopuyo\release\processmanger.obj
d:\users\petri\documents\github\puyopuyo\puyopuyo\release\puyoblock.obj
d:\users\petri\documents\github\puyopuyo\puyopuyo\release\puyodraw.obj
d:\users\petri\documents\github\puyopuyo\puyopuyo\release\puyofallingblock.obj
d:\users\petri\documents\github\puyopuyo\puyopuyo\release\puyofiled.obj
d:\users\petri\documents\github\puyopuyo\puyopuyo\release\puyologic.obj
d:\users\petri\documents\github\puyopuyo\puyopuyo\release\puyomanger.obj
d:\users\petri\documents\github\puyopuyo\puyopuyo\release\windowcreator.obj
d:\users\petri\documents\github\puyopuyo\puyopuyo\release\windowproc.obj
d:\users\petri\documents\github\puyopuyo\puyopuyo\release\winmain.obj
d:\users\petri\documents\github\puyopuyo\puyopuyo\release\puyobitmap.obj
d:\users\petri\documents\github\puyopuyo\release\puyopuyo.exe
d:\users\petri\documents\github\puyopuyo\puyopuyo\release\resource.res
d:\users\petri\documents\github\puyopuyo\puyopuyo\release\nativecodeanalysis.read.1.tlog
d:\users\petri\documents\github\puyopuyo\puyopuyo\release\vc.nativecodeanalysis.all.xml
d:\users\petri\documents\github\puyopuyo\puyopuyo\release\puyopuyo.tlog\cl.command.1.tlog
d:\users\petri\documents\github\puyopuyo\puyopuyo\release\puyopuyo.tlog\cl.read.1.tlog
d:\users\petri\documents\github\puyopuyo\puyopuyo\release\puyopuyo.tlog\cl.write.1.tlog
d:\users\petri\documents\github\puyopuyo\puyopuyo\release\puyopuyo.tlog\link.command.1.tlog
d:\users\petri\documents\github\puyopuyo\puyopuyo\release\puyopuyo.tlog\link.read.1.tlog
d:\users\petri\documents\github\puyopuyo\puyopuyo\release\puyopuyo.tlog\link.write.1.tlog
d:\users\petri\documents\github\puyopuyo\puyopuyo\release\puyopuyo.tlog\rc.command.1.tlog
d:\users\petri\documents\github\puyopuyo\puyopuyo\release\puyopuyo.tlog\rc.read.1.tlog
d:\users\petri\documents\github\puyopuyo\puyopuyo\release\puyopuyo.tlog\rc.write.1.tlog
