d:\users\petri\documents\github\puyopuyo\puyopuyo\x64\debug\vc141.pdb
d:\users\petri\documents\github\puyopuyo\puyopuyo\x64\debug\vc141.idb
d:\users\petri\documents\github\puyopuyo\puyopuyo\x64\debug\array1d.obj
d:\users\petri\documents\github\puyopuyo\puyopuyo\x64\debug\array2d.obj
d:\users\petri\documents\github\puyopuyo\puyopuyo\x64\debug\controlprocess.obj
d:\users\petri\documents\github\puyopuyo\puyopuyo\x64\debug\famework.obj
d:\users\petri\documents\github\puyopuyo\puyopuyo\x64\debug\gamelogic.obj
d:\users\petri\documents\github\puyopuyo\puyopuyo\x64\debug\global.obj
d:\users\petri\documents\github\puyopuyo\puyopuyo\x64\debug\graphics.obj
d:\users\petri\documents\github\puyopuyo\puyopuyo\x64\debug\input.obj
d:\users\petri\documents\github\puyopuyo\puyopuyo\x64\debug\processmanger.obj
d:\users\petri\documents\github\puyopuyo\puyopuyo\x64\debug\puyoblock.obj
d:\users\petri\documents\github\puyopuyo\puyopuyo\x64\debug\puyodraw.obj
d:\users\petri\documents\github\puyopuyo\puyopuyo\x64\debug\puyofallingblock.obj
d:\users\petri\documents\github\puyopuyo\puyopuyo\x64\debug\puyofiled.obj
d:\users\petri\documents\github\puyopuyo\puyopuyo\x64\debug\puyologic.obj
d:\users\petri\documents\github\puyopuyo\puyopuyo\x64\debug\puyomanger.obj
d:\users\petri\documents\github\puyopuyo\puyopuyo\x64\debug\windowcreator.obj
d:\users\petri\documents\github\puyopuyo\puyopuyo\x64\debug\windowproc.obj
d:\users\petri\documents\github\puyopuyo\puyopuyo\x64\debug\winmain.obj
d:\users\petri\documents\github\puyopuyo\puyopuyo\x64\debug\puyobitmap.obj
d:\users\petri\documents\github\puyopuyo\x64\debug\puyopuyo.ilk
d:\users\petri\documents\github\puyopuyo\x64\debug\puyopuyo.exe
d:\users\petri\documents\github\puyopuyo\x64\debug\puyopuyo.pdb
d:\users\petri\documents\github\puyopuyo\puyopuyo\x64\debug\resource.res
d:\users\petri\documents\github\puyopuyo\puyopuyo\x64\debug\puyopuyo.tlog\cl.command.1.tlog
d:\users\petri\documents\github\puyopuyo\puyopuyo\x64\debug\puyopuyo.tlog\cl.read.1.tlog
d:\users\petri\documents\github\puyopuyo\puyopuyo\x64\debug\puyopuyo.tlog\cl.write.1.tlog
d:\users\petri\documents\github\puyopuyo\puyopuyo\x64\debug\puyopuyo.tlog\link.10744-cvtres.read.1.tlog
d:\users\petri\documents\github\puyopuyo\puyopuyo\x64\debug\puyopuyo.tlog\link.10744-cvtres.write.1.tlog
d:\users\petri\documents\github\puyopuyo\puyopuyo\x64\debug\puyopuyo.tlog\link.10744-rc.read.1.tlog
d:\users\petri\documents\github\puyopuyo\puyopuyo\x64\debug\puyopuyo.tlog\link.10744-rc.write.1.tlog
d:\users\petri\documents\github\puyopuyo\puyopuyo\x64\debug\puyopuyo.tlog\link.10744.read.1.tlog
d:\users\petri\documents\github\puyopuyo\puyopuyo\x64\debug\puyopuyo.tlog\link.10744.write.1.tlog
d:\users\petri\documents\github\puyopuyo\puyopuyo\x64\debug\puyopuyo.tlog\link.command.1.tlog
d:\users\petri\documents\github\puyopuyo\puyopuyo\x64\debug\puyopuyo.tlog\link.read.1.tlog
d:\users\petri\documents\github\puyopuyo\puyopuyo\x64\debug\puyopuyo.tlog\link.write.1.tlog
d:\users\petri\documents\github\puyopuyo\puyopuyo\x64\debug\puyopuyo.tlog\rc.command.1.tlog
d:\users\petri\documents\github\puyopuyo\puyopuyo\x64\debug\puyopuyo.tlog\rc.read.1.tlog
d:\users\petri\documents\github\puyopuyo\puyopuyo\x64\debug\puyopuyo.tlog\rc.write.1.tlog
